[07:13:01] [main/INFO]: Environment: authHost='https://authserver.mojang.com', accountsHost='https://api.mojang.com', sessionHost='https://sessionserver.mojang.com', servicesHost='https://api.minecraftservices.com', name='PROD'
[07:13:02] [main/WARN]: Ambiguity between arguments [teleport, location] and [teleport, destination] with inputs: [0.1 -0.5 .9, 0 0 0]
[07:13:02] [main/WARN]: Ambiguity between arguments [teleport, location] and [teleport, targets] with inputs: [0.1 -0.5 .9, 0 0 0]
[07:13:02] [main/WARN]: Ambiguity between arguments [teleport, destination] and [teleport, targets] with inputs: [Player, 0123, @e, dd12be42-52a9-4a91-a8a1-11c01849e498]
[07:13:02] [main/WARN]: Ambiguity between arguments [teleport, targets] and [teleport, destination] with inputs: [Player, 0123, dd12be42-52a9-4a91-a8a1-11c01849e498]
[07:13:02] [main/WARN]: Ambiguity between arguments [teleport, targets, location] and [teleport, targets, destination] with inputs: [0.1 -0.5 .9, 0 0 0]
[07:13:02] [main/INFO]: Reloading ResourceManager: Default
[07:13:04] [Worker-Main-2/INFO]: Loaded 7 recipes
[07:13:05] [Worker-Main-2/INFO]: Loaded 1137 advancements
[07:13:08] [Server thread/INFO]: Starting minecraft server version 1.17.1
[07:13:08] [Server thread/INFO]: Loading properties
[07:13:08] [Server thread/INFO]: Default game type: CREATIVE
[07:13:08] [Server thread/INFO]: Generating keypair
[07:13:09] [Server thread/INFO]: Starting Minecraft server on *:25565
[07:13:09] [Server thread/INFO]: Using epoll channel type
[07:13:09] [Server thread/WARN]: **** SERVER IS RUNNING IN OFFLINE/INSECURE MODE!
[07:13:09] [Server thread/WARN]: The server will make no attempt to authenticate usernames. Beware.
[07:13:09] [Server thread/WARN]: While this makes the game possible to play without internet access, it also opens up the ability for hackers to connect with any username they choose.
[07:13:09] [Server thread/WARN]: To change this, set "online-mode" to "true" in the server.properties file.
[07:13:09] [Server thread/INFO]: Preparing level "world"
[07:13:09] [Server thread/INFO]: Preparing start region for dimension minecraft:overworld
[07:13:10] [Worker-Main-2/INFO]: Preparing spawn area: 0%
[07:13:18] [Worker-Main-2/INFO]: Preparing spawn area: 0%
[07:13:18] [Worker-Main-2/INFO]: Preparing spawn area: 0%
[07:13:18] [Worker-Main-2/INFO]: Preparing spawn area: 0%
[07:13:18] [Worker-Main-2/INFO]: Preparing spawn area: 0%
[07:13:18] [Worker-Main-2/INFO]: Preparing spawn area: 0%
[07:13:18] [Worker-Main-2/INFO]: Preparing spawn area: 0%
[07:13:18] [Worker-Main-2/INFO]: Preparing spawn area: 0%
[07:13:18] [Worker-Main-2/INFO]: Preparing spawn area: 0%
[07:13:18] [Worker-Main-2/INFO]: Preparing spawn area: 0%
[07:13:18] [Worker-Main-2/INFO]: Preparing spawn area: 0%
[07:13:18] [Worker-Main-2/INFO]: Preparing spawn area: 0%
[07:13:18] [Worker-Main-2/INFO]: Preparing spawn area: 0%
[07:13:18] [Worker-Main-2/INFO]: Preparing spawn area: 0%
[07:13:18] [Worker-Main-2/INFO]: Preparing spawn area: 0%
[07:13:18] [Worker-Main-2/INFO]: Preparing spawn area: 0%
[07:13:18] [Worker-Main-2/INFO]: Preparing spawn area: 0%
[07:13:18] [Worker-Main-2/INFO]: Preparing spawn area: 0%
[07:13:18] [Worker-Main-2/INFO]: Preparing spawn area: 0%
[07:13:19] [Worker-Main-2/INFO]: Preparing spawn area: 0%
[07:13:19] [Worker-Main-2/INFO]: Preparing spawn area: 0%
[07:13:20] [Worker-Main-2/INFO]: Preparing spawn area: 0%
[07:13:20] [Worker-Main-2/INFO]: Preparing spawn area: 0%
[07:13:21] [Worker-Main-2/INFO]: Preparing spawn area: 0%
[07:13:21] [Worker-Main-2/INFO]: Preparing spawn area: 0%
[07:13:22] [Worker-Main-2/INFO]: Preparing spawn area: 0%
[07:13:22] [Worker-Main-2/INFO]: Preparing spawn area: 42%
[07:13:23] [Server thread/INFO]: Time elapsed: 13877 ms
[07:13:23] [Server thread/INFO]: Done (14.058s)! For help, type "help"
[07:13:23] [Server thread/INFO]: Starting remote control listener
[07:13:23] [Server thread/INFO]: Thread RCON Listener started
[07:13:23] [Server thread/INFO]: RCON running on 0.0.0.0:25575
[07:25:30] [Server thread/INFO]: elAzkor[/189.163.88.25:59812] logged in with entity id 178 at (162.87087702562857, 64.0, -138.85834185936358)
[07:25:30] [Server thread/INFO]: elAzkor joined the game
